<?xml version="1.0" encoding="UTF-8"?>
<!-- Generated by org.testng.reporters.JUnitReportReporter -->
<testsuite hostname="DESKTOP-PJTLFA3" failures="0" tests="1" name="BrowserTestNG" time="6.057" errors="0" timestamp="2024-11-24T14:18:02 IST" skipped="0">
  <testcase classname="BrowserTestNG" name="TestNew" time="6.057"/>
</testsuite> <!-- BrowserTestNG -->
